0 info it worked if it ends with ok
1 verbose cli [ '/home/ubuntu/.nvm/versions/node/v6.7.0/bin/node',
1 verbose cli   '/home/ubuntu/.nvm/versions/node/v6.7.0/bin/npm',
1 verbose cli   'install',
1 verbose cli   'discord.htca' ]
2 info using npm@3.10.3
3 info using node@v6.7.0
4 silly loadCurrentTree Starting
5 silly install loadCurrentTree
6 silly install readLocalPackageData
7 silly fetchPackageMetaData discord.htca
8 silly fetchNamedPackageData discord.htca
9 silly mapToRegistry name discord.htca
10 silly mapToRegistry using default registry
11 silly mapToRegistry registry https://registry.npmjs.org/
12 silly mapToRegistry data Result {
12 silly mapToRegistry   raw: 'discord.htca',
12 silly mapToRegistry   scope: null,
12 silly mapToRegistry   escapedName: 'discord.htca',
12 silly mapToRegistry   name: 'discord.htca',
12 silly mapToRegistry   rawSpec: '',
12 silly mapToRegistry   spec: 'latest',
12 silly mapToRegistry   type: 'tag' }
13 silly mapToRegistry uri https://registry.npmjs.org/discord.htca
14 verbose request uri https://registry.npmjs.org/discord.htca
15 verbose request no auth needed
16 info attempt registry request try #1 at 3:19:39 AM
17 verbose request using bearer token for auth
18 verbose request id 1ce9e92f46539fa7
19 http request GET https://registry.npmjs.org/discord.htca
20 http 404 https://registry.npmjs.org/discord.htca
21 verbose headers { 'content-type': 'application/json',
21 verbose headers   'cache-control': 'max-age=0',
21 verbose headers   'content-length': '2',
21 verbose headers   'accept-ranges': 'bytes',
21 verbose headers   date: 'Tue, 18 Oct 2016 03:19:40 GMT',
21 verbose headers   via: '1.1 varnish',
21 verbose headers   connection: 'keep-alive',
21 verbose headers   'x-served-by': 'cache-ord1724-ORD',
21 verbose headers   'x-cache': 'MISS',
21 verbose headers   'x-cache-hits': '0',
21 verbose headers   'x-timer': 'S1476760779.955495,VS0,VE89',
21 verbose headers   vary: 'Accept-Encoding' }
22 silly get cb [ 404,
22 silly get   { 'content-type': 'application/json',
22 silly get     'cache-control': 'max-age=0',
22 silly get     'content-length': '2',
22 silly get     'accept-ranges': 'bytes',
22 silly get     date: 'Tue, 18 Oct 2016 03:19:40 GMT',
22 silly get     via: '1.1 varnish',
22 silly get     connection: 'keep-alive',
22 silly get     'x-served-by': 'cache-ord1724-ORD',
22 silly get     'x-cache': 'MISS',
22 silly get     'x-cache-hits': '0',
22 silly get     'x-timer': 'S1476760779.955495,VS0,VE89',
22 silly get     vary: 'Accept-Encoding' } ]
23 silly fetchPackageMetaData Error: Registry returned 404 for GET on https://registry.npmjs.org/discord.htca
23 silly fetchPackageMetaData     at makeError (/home/ubuntu/.nvm/versions/node/v6.7.0/lib/node_modules/npm/node_modules/npm-registry-client/lib/request.js:264:12)
23 silly fetchPackageMetaData     at CachingRegistryClient.<anonymous> (/home/ubuntu/.nvm/versions/node/v6.7.0/lib/node_modules/npm/node_modules/npm-registry-client/lib/request.js:242:14)
23 silly fetchPackageMetaData     at Request._callback (/home/ubuntu/.nvm/versions/node/v6.7.0/lib/node_modules/npm/node_modules/npm-registry-client/lib/request.js:172:14)
23 silly fetchPackageMetaData     at Request.self.callback (/home/ubuntu/.nvm/versions/node/v6.7.0/lib/node_modules/npm/node_modules/request/request.js:200:22)
23 silly fetchPackageMetaData     at emitTwo (events.js:106:13)
23 silly fetchPackageMetaData     at Request.emit (events.js:191:7)
23 silly fetchPackageMetaData     at Request.<anonymous> (/home/ubuntu/.nvm/versions/node/v6.7.0/lib/node_modules/npm/node_modules/request/request.js:1067:10)
23 silly fetchPackageMetaData     at emitOne (events.js:101:20)
23 silly fetchPackageMetaData     at Request.emit (events.js:188:7)
23 silly fetchPackageMetaData     at IncomingMessage.<anonymous> (/home/ubuntu/.nvm/versions/node/v6.7.0/lib/node_modules/npm/node_modules/request/request.js:988:12)
23 silly fetchPackageMetaData  error for discord.htca { Error: Registry returned 404 for GET on https://registry.npmjs.org/discord.htca
23 silly fetchPackageMetaData     at makeError (/home/ubuntu/.nvm/versions/node/v6.7.0/lib/node_modules/npm/node_modules/npm-registry-client/lib/request.js:264:12)
23 silly fetchPackageMetaData     at CachingRegistryClient.<anonymous> (/home/ubuntu/.nvm/versions/node/v6.7.0/lib/node_modules/npm/node_modules/npm-registry-client/lib/request.js:242:14)
23 silly fetchPackageMetaData     at Request._callback (/home/ubuntu/.nvm/versions/node/v6.7.0/lib/node_modules/npm/node_modules/npm-registry-client/lib/request.js:172:14)
23 silly fetchPackageMetaData     at Request.self.callback (/home/ubuntu/.nvm/versions/node/v6.7.0/lib/node_modules/npm/node_modules/request/request.js:200:22)
23 silly fetchPackageMetaData     at emitTwo (events.js:106:13)
23 silly fetchPackageMetaData     at Request.emit (events.js:191:7)
23 silly fetchPackageMetaData     at Request.<anonymous> (/home/ubuntu/.nvm/versions/node/v6.7.0/lib/node_modules/npm/node_modules/request/request.js:1067:10)
23 silly fetchPackageMetaData     at emitOne (events.js:101:20)
23 silly fetchPackageMetaData     at Request.emit (events.js:188:7)
23 silly fetchPackageMetaData     at IncomingMessage.<anonymous> (/home/ubuntu/.nvm/versions/node/v6.7.0/lib/node_modules/npm/node_modules/request/request.js:988:12) pkgid: 'discord.htca', statusCode: 404, code: 'E404' }
24 silly rollbackFailedOptional Starting
25 silly rollbackFailedOptional Finishing
26 silly runTopLevelLifecycles Starting
27 silly runTopLevelLifecycles Finishing
28 silly install printInstalled
29 verbose stack Error: Registry returned 404 for GET on https://registry.npmjs.org/discord.htca
29 verbose stack     at makeError (/home/ubuntu/.nvm/versions/node/v6.7.0/lib/node_modules/npm/node_modules/npm-registry-client/lib/request.js:264:12)
29 verbose stack     at CachingRegistryClient.<anonymous> (/home/ubuntu/.nvm/versions/node/v6.7.0/lib/node_modules/npm/node_modules/npm-registry-client/lib/request.js:242:14)
29 verbose stack     at Request._callback (/home/ubuntu/.nvm/versions/node/v6.7.0/lib/node_modules/npm/node_modules/npm-registry-client/lib/request.js:172:14)
29 verbose stack     at Request.self.callback (/home/ubuntu/.nvm/versions/node/v6.7.0/lib/node_modules/npm/node_modules/request/request.js:200:22)
29 verbose stack     at emitTwo (events.js:106:13)
29 verbose stack     at Request.emit (events.js:191:7)
29 verbose stack     at Request.<anonymous> (/home/ubuntu/.nvm/versions/node/v6.7.0/lib/node_modules/npm/node_modules/request/request.js:1067:10)
29 verbose stack     at emitOne (events.js:101:20)
29 verbose stack     at Request.emit (events.js:188:7)
29 verbose stack     at IncomingMessage.<anonymous> (/home/ubuntu/.nvm/versions/node/v6.7.0/lib/node_modules/npm/node_modules/request/request.js:988:12)
30 verbose statusCode 404
31 verbose pkgid discord.htca
32 verbose cwd /home/ubuntu/workspace
33 error Linux 4.2.0-c9
34 error argv "/home/ubuntu/.nvm/versions/node/v6.7.0/bin/node" "/home/ubuntu/.nvm/versions/node/v6.7.0/bin/npm" "install" "discord.htca"
35 error node v6.7.0
36 error npm  v3.10.3
37 error code E404
38 error 404 Registry returned 404 for GET on https://registry.npmjs.org/discord.htca
39 error 404
40 error 404 'discord.htca' is not in the npm registry.
41 error 404 You should bug the author to publish it (or use the name yourself!)
42 error 404 Note that you can also install from a
43 error 404 tarball, folder, http url, or git url.
44 verbose exit [ 1, true ]
